2017-10-28 14:09:33.7475 INFO ***************************************
2017-10-28 14:09:33.7910 INFO *********** New session ***************
2017-10-28 14:09:33.7950 INFO ***************************************
2017-10-28 14:09:33.7950 INFO 28/10/2017 14:09:33, .ctor, line 44:-------------->  
2017-10-28 14:12:22.0623 INFO ***************************************
2017-10-28 14:12:22.1058 INFO *********** New session ***************
2017-10-28 14:12:22.1058 INFO ***************************************
2017-10-28 14:12:22.1283 ERROR 28/10/2017 14:12:22, .ctor, line 44:-------------->  
2017-10-28 14:12:40.4329 ERROR 28/10/2017 14:12:40, SouceForge_Click, line 404:-->  
2017-10-28 14:15:12.3023 INFO ***************************************
2017-10-28 14:15:12.3474 INFO *********** New session ***************
2017-10-28 14:15:12.3474 INFO ***************************************
2017-10-28 14:15:12.3474 ERROR 28/10/2017 14:15:12, .ctor, line 44:-------------->  
2017-10-28 14:15:15.5953 ERROR 28/10/2017 14:15:15, SelectWavButton_Click, line 109:>  
2017-10-28 14:15:15.6993 ERROR 28/10/2017 14:15:15, ShowOpenFile, line 346:------>  
2017-10-28 14:15:29.6668 ERROR 28/10/2017 14:15:29, ShowOpenFile, line 361:------>  Target: WavFile, file: D:\Ultimatium\Compositions\Fifth-bounce\Kaikki_combined.wav
2017-10-28 14:15:29.7863 INFO 28/10/2017 14:15:29, CurrentDomain_FirstChanceException, line 60:>  System.ArgumentException: The path is not of a legal form.
   at System.IO.Path.NewNormalizePath(String path, Int32 maxPathLength, Boolean expandShortPaths)
2017-10-28 14:16:18.7460 INFO ***************************************
2017-10-28 14:16:18.7875 INFO *********** New session ***************
2017-10-28 14:16:18.7875 INFO ***************************************
2017-10-28 14:16:18.7875 ERROR 28/10/2017 14:16:18, .ctor, line 44:-------------->  
2017-10-28 14:16:20.6148 ERROR 28/10/2017 14:16:20, SelectWavButton_Click, line 109:>  
2017-10-28 14:16:20.6383 ERROR 28/10/2017 14:16:20, ShowOpenFile, line 346:------>  
2017-10-28 14:16:24.3899 ERROR 28/10/2017 14:16:24, ShowOpenFile, line 361:------>  Target: WavFile, file: D:\Ultimatium\Compositions\Fifth-bounce\Kaikki_combined.wav
2017-10-28 14:16:26.8676 ERROR 28/10/2017 14:16:26, SelectTxtButton_Click, line 115:>  
2017-10-28 14:16:26.8676 ERROR 28/10/2017 14:16:26, ShowOpenFile, line 346:------>  
2017-10-28 14:16:28.4388 ERROR 28/10/2017 14:16:28, ShowOpenFile, line 361:------>  Target: TxtFile, file: D:\Ultimatium\Compositions\Fifth-bounce\Savellysta_cut.txt
2017-10-28 14:16:29.8538 ERROR 28/10/2017 14:16:29, OutputFolderClick, line 422:->  
2017-10-28 14:16:42.8635 ERROR 28/10/2017 14:16:42, SplitButton_Click, line 121:->  
2017-10-28 14:16:42.8920 ERROR 28/10/2017 14:16:42, Process, line 146:----------->  
2017-10-28 14:16:42.8920 ERROR 28/10/2017 14:16:42, Process, line 161:----------->  Process, txt file: D:\Ultimatium\Compositions\Fifth-bounce\Savellysta_cut.txt, WavFile: D:\Ultimatium\Compositions\Fifth-bounce\Kaikki_combined.wav
2017-10-28 14:16:42.9140 ERROR 28/10/2017 14:16:42, Process, line 176:----------->  Destination path: C:\Users\copyhere2\Google Drive\Ultimatium\Nelonen\Music/
2017-10-28 14:16:42.9195 ERROR 28/10/2017 14:16:42, ProcessProToolsFile, line 230:>  
2017-10-28 14:16:42.9195 ERROR 28/10/2017 14:16:42, ProcessProToolsFile, line 303:>  Found timeformat code: 30
2017-10-28 14:16:42.9195 ERROR 28/10/2017 14:16:42, ProcessProToolsFile, line 308:>  Found M A R K E R S  L I S T I N G
2017-10-28 14:16:42.9195 ERROR 28/10/2017 14:16:42, TimecodeToTimespan, line 337:>  
2017-10-28 14:16:42.9382 ERROR 28/10/2017 14:16:42, ProcessProToolsFile, line 247:>  Found start at index 12, whole line: 1   	00:00:00:00  	1|1               	Ticks    	[s]4. Mindcaptives               	, splitted at 4: [s]4. Mindcaptives               , start time: 00:00:00
2017-10-28 14:16:42.9382 ERROR 28/10/2017 14:16:42, ProcessProToolsFile, line 266:>  End stringfound, use it, index 13
2017-10-28 14:16:42.9382 ERROR 28/10/2017 14:16:42, TimecodeToTimespan, line 337:>  
2017-10-28 14:16:42.9382 ERROR 28/10/2017 14:16:42, ProcessProToolsFile, line 275:>  EndTime 00:11:40.3330000, tolta time: 01:16:16.3840000
2017-10-28 14:16:42.9382 ERROR 28/10/2017 14:16:42, ProcessProToolsFile, line 277:>  final endTime 01:04:36.0510000
2017-10-28 14:16:42.9497 ERROR 28/10/2017 14:16:42, ProcessProToolsFile, line 287:>  Song name: 4. Mindcaptives               
2017-10-28 14:16:42.9497 ERROR 28/10/2017 14:16:42, TimecodeToTimespan, line 337:>  
2017-10-28 14:16:42.9497 ERROR 28/10/2017 14:16:42, ProcessProToolsFile, line 247:>  Found start at index 14, whole line: 2   	00:12:19:19  	344|1             	Ticks    	[s]10. Ghost of yesterday        	, splitted at 4: [s]10. Ghost of yesterday        , start time: 00:12:19.6330000
2017-10-28 14:16:42.9497 ERROR 28/10/2017 14:16:42, ProcessProToolsFile, line 259:>  Start string before next end, use it, index 15
2017-10-28 14:16:42.9497 ERROR 28/10/2017 14:16:42, TimecodeToTimespan, line 337:>  
2017-10-28 14:16:42.9497 ERROR 28/10/2017 14:16:42, ProcessProToolsFile, line 275:>  EndTime 00:17:27.2660000, tolta time: 01:16:16.3840000
2017-10-28 14:16:42.9647 ERROR 28/10/2017 14:16:42, ProcessProToolsFile, line 277:>  final endTime 00:58:49.1180000
2017-10-28 14:16:42.9647 ERROR 28/10/2017 14:16:42, ProcessProToolsFile, line 287:>  Song name: 10. Ghost of yesterday        
2017-10-28 14:16:42.9647 ERROR 28/10/2017 14:16:42, TimecodeToTimespan, line 337:>  
2017-10-28 14:16:42.9647 ERROR 28/10/2017 14:16:42, ProcessProToolsFile, line 247:>  Found start at index 15, whole line: 3   	00:17:27:08  	485|1             	Ticks    	[s]12. Together                  	, splitted at 4: [s]12. Together                  , start time: 00:17:27.2660000
2017-10-28 14:16:42.9647 ERROR 28/10/2017 14:16:42, ProcessProToolsFile, line 259:>  Start string before next end, use it, index 16
2017-10-28 14:16:42.9647 ERROR 28/10/2017 14:16:42, TimecodeToTimespan, line 337:>  
2017-10-28 14:16:42.9647 ERROR 28/10/2017 14:16:42, ProcessProToolsFile, line 275:>  EndTime 00:26:18.2660000, tolta time: 01:16:16.3840000
2017-10-28 14:16:42.9647 ERROR 28/10/2017 14:16:42, ProcessProToolsFile, line 277:>  final endTime 00:49:58.1180000
2017-10-28 14:16:42.9647 ERROR 28/10/2017 14:16:42, ProcessProToolsFile, line 287:>  Song name: 12. Together                  
2017-10-28 14:16:42.9812 ERROR 28/10/2017 14:16:42, TimecodeToTimespan, line 337:>  
2017-10-28 14:16:42.9812 ERROR 28/10/2017 14:16:42, ProcessProToolsFile, line 247:>  Found start at index 16, whole line: 4   	00:26:18:08  	915|1             	Ticks    	[s]5. The seer                   	, splitted at 4: [s]5. The seer                   , start time: 00:26:18.2660000
2017-10-28 14:16:42.9812 ERROR 28/10/2017 14:16:42, ProcessProToolsFile, line 266:>  End stringfound, use it, index 17
2017-10-28 14:16:42.9812 ERROR 28/10/2017 14:16:42, TimecodeToTimespan, line 337:>  
2017-10-28 14:16:42.9812 ERROR 28/10/2017 14:16:42, ProcessProToolsFile, line 275:>  EndTime 00:31:09.5330000, tolta time: 01:16:16.3840000
2017-10-28 14:16:42.9812 ERROR 28/10/2017 14:16:42, ProcessProToolsFile, line 277:>  final endTime 00:45:06.8510000
2017-10-28 14:16:42.9812 ERROR 28/10/2017 14:16:42, ProcessProToolsFile, line 287:>  Song name: 5. The seer                   
2017-10-28 14:16:42.9812 ERROR 28/10/2017 14:16:42, TimecodeToTimespan, line 337:>  
2017-10-28 14:16:42.9812 ERROR 28/10/2017 14:16:42, ProcessProToolsFile, line 247:>  Found start at index 18, whole line: 5   	00:31:21:16  	1209|1            	Ticks    	[s]2. Run like the wind          	, splitted at 4: [s]2. Run like the wind          , start time: 00:31:21.5330000
2017-10-28 14:16:42.9967 ERROR 28/10/2017 14:16:42, ProcessProToolsFile, line 266:>  End stringfound, use it, index 19
2017-10-28 14:16:42.9967 ERROR 28/10/2017 14:16:42, TimecodeToTimespan, line 337:>  
2017-10-28 14:16:42.9967 ERROR 28/10/2017 14:16:43, ProcessProToolsFile, line 275:>  EndTime 00:35:05.0660000, tolta time: 01:16:16.3840000
2017-10-28 14:16:42.9967 ERROR 28/10/2017 14:16:43, ProcessProToolsFile, line 277:>  final endTime 00:41:11.3180000
2017-10-28 14:16:42.9967 ERROR 28/10/2017 14:16:43, ProcessProToolsFile, line 287:>  Song name: 2. Run like the wind          
2017-10-28 14:16:42.9967 ERROR 28/10/2017 14:16:43, TimecodeToTimespan, line 337:>  
2017-10-28 14:16:42.9967 ERROR 28/10/2017 14:16:43, ProcessProToolsFile, line 247:>  Found start at index 20, whole line: 6   	00:36:56:03  	1385|1            	Ticks    	[s]6. Dark cold day              	, splitted at 4: [s]6. Dark cold day              , start time: 00:36:56.1000000
2017-10-28 14:16:43.0137 ERROR 28/10/2017 14:16:43, ProcessProToolsFile, line 266:>  End stringfound, use it, index 21
2017-10-28 14:16:43.0272 ERROR 28/10/2017 14:16:43, TimecodeToTimespan, line 337:>  
2017-10-28 14:16:43.0272 ERROR 28/10/2017 14:16:43, ProcessProToolsFile, line 275:>  EndTime 00:42:33.9660000, tolta time: 01:16:16.3840000
2017-10-28 14:16:43.0272 ERROR 28/10/2017 14:16:43, ProcessProToolsFile, line 277:>  final endTime 00:33:42.4180000
2017-10-28 14:16:43.0272 ERROR 28/10/2017 14:16:43, ProcessProToolsFile, line 287:>  Song name: 6. Dark cold day              
2017-10-28 14:16:43.0272 ERROR 28/10/2017 14:16:43, TimecodeToTimespan, line 337:>  
2017-10-28 14:16:43.0272 ERROR 28/10/2017 14:16:43, ProcessProToolsFile, line 247:>  Found start at index 22, whole line: 7   	00:42:41:10  	1583|1            	Ticks    	[s]7. Remorse                    	, splitted at 4: [s]7. Remorse                    , start time: 00:42:41.3330000
2017-10-28 14:16:43.0422 ERROR 28/10/2017 14:16:43, ProcessProToolsFile, line 266:>  End stringfound, use it, index 23
2017-10-28 14:16:43.0422 ERROR 28/10/2017 14:16:43, TimecodeToTimespan, line 337:>  
2017-10-28 14:16:43.0422 ERROR 28/10/2017 14:16:43, ProcessProToolsFile, line 275:>  EndTime 00:47:34.6660000, tolta time: 01:16:16.3840000
2017-10-28 14:16:43.0422 ERROR 28/10/2017 14:16:43, ProcessProToolsFile, line 277:>  final endTime 00:28:41.7180000
2017-10-28 14:16:43.0422 ERROR 28/10/2017 14:16:43, ProcessProToolsFile, line 287:>  Song name: 7. Remorse                    
2017-10-28 14:16:43.0422 ERROR 28/10/2017 14:16:43, TimecodeToTimespan, line 337:>  
2017-10-28 14:16:43.0422 ERROR 28/10/2017 14:16:43, ProcessProToolsFile, line 247:>  Found start at index 24, whole line: 8   	00:47:42:01  	1746|1            	Ticks    	[s]11. Scream                    	, splitted at 4: [s]11. Scream                    , start time: 00:47:42.0330000
2017-10-28 14:16:43.0582 ERROR 28/10/2017 14:16:43, ProcessProToolsFile, line 266:>  End stringfound, use it, index 25
2017-10-28 14:16:43.0582 ERROR 28/10/2017 14:16:43, TimecodeToTimespan, line 337:>  
2017-10-28 14:16:43.0582 ERROR 28/10/2017 14:16:43, ProcessProToolsFile, line 275:>  EndTime 00:52:37.1000000, tolta time: 01:16:16.3840000
2017-10-28 14:16:43.0582 ERROR 28/10/2017 14:16:43, ProcessProToolsFile, line 277:>  final endTime 00:23:39.2840000
2017-10-28 14:16:43.0582 ERROR 28/10/2017 14:16:43, ProcessProToolsFile, line 287:>  Song name: 11. Scream                    
2017-10-28 14:16:43.0582 ERROR 28/10/2017 14:16:43, TimecodeToTimespan, line 337:>  
2017-10-28 14:16:43.0582 ERROR 28/10/2017 14:16:43, ProcessProToolsFile, line 247:>  Found start at index 26, whole line: 9   	00:52:58:08  	1990|1            	Ticks    	[s]1. Vengeance                  	, splitted at 4: [s]1. Vengeance                  , start time: 00:52:58.2660000
2017-10-28 14:16:43.0582 ERROR 28/10/2017 14:16:43, ProcessProToolsFile, line 259:>  Start string before next end, use it, index 27
2017-10-28 14:16:43.0747 ERROR 28/10/2017 14:16:43, TimecodeToTimespan, line 337:>  
2017-10-28 14:16:43.0747 ERROR 28/10/2017 14:16:43, ProcessProToolsFile, line 275:>  EndTime 00:56:54.8330000, tolta time: 01:16:16.3840000
2017-10-28 14:16:43.0747 ERROR 28/10/2017 14:16:43, ProcessProToolsFile, line 277:>  final endTime 00:19:21.5510000
2017-10-28 14:16:43.0747 ERROR 28/10/2017 14:16:43, ProcessProToolsFile, line 287:>  Song name: 1. Vengeance                  
2017-10-28 14:16:43.0747 ERROR 28/10/2017 14:16:43, TimecodeToTimespan, line 337:>  
2017-10-28 14:16:43.0747 ERROR 28/10/2017 14:16:43, ProcessProToolsFile, line 247:>  Found start at index 27, whole line: 10  	00:56:54:25  	2128|1            	Ticks    	[s]9. Digital tower              	, splitted at 4: [s]9. Digital tower              , start time: 00:56:54.8330000
2017-10-28 14:16:43.0747 ERROR 28/10/2017 14:16:43, ProcessProToolsFile, line 259:>  Start string before next end, use it, index 28
2017-10-28 14:16:43.0747 ERROR 28/10/2017 14:16:43, TimecodeToTimespan, line 337:>  
2017-10-28 14:16:43.0907 ERROR 28/10/2017 14:16:43, ProcessProToolsFile, line 275:>  EndTime 01:05:18.8330000, tolta time: 01:16:16.3840000
2017-10-28 14:16:43.0907 ERROR 28/10/2017 14:16:43, ProcessProToolsFile, line 277:>  final endTime 00:10:57.5510000
2017-10-28 14:16:43.0907 ERROR 28/10/2017 14:16:43, ProcessProToolsFile, line 287:>  Song name: 9. Digital tower              
2017-10-28 14:16:43.0907 ERROR 28/10/2017 14:16:43, TimecodeToTimespan, line 337:>  
2017-10-28 14:16:43.0907 ERROR 28/10/2017 14:16:43, ProcessProToolsFile, line 247:>  Found start at index 28, whole line: 11  	01:05:18:25  	2296|1            	Ticks    	[s]3. Hall of Heroes             	Start, splitted at 4: [s]3. Hall of Heroes             , start time: 01:05:18.8330000
2017-10-28 14:16:43.0907 ERROR 28/10/2017 14:16:43, ProcessProToolsFile, line 259:>  Start string before next end, use it, index 29
2017-10-28 14:16:43.0907 ERROR 28/10/2017 14:16:43, TimecodeToTimespan, line 337:>  
2017-10-28 14:16:43.0907 ERROR 28/10/2017 14:16:43, ProcessProToolsFile, line 275:>  EndTime 01:08:25.8660000, tolta time: 01:16:16.3840000
2017-10-28 14:16:43.1057 ERROR 28/10/2017 14:16:43, ProcessProToolsFile, line 277:>  final endTime 00:07:50.5180000
2017-10-28 14:16:43.1057 ERROR 28/10/2017 14:16:43, ProcessProToolsFile, line 287:>  Song name: 3. Hall of Heroes             
2017-10-28 14:16:43.1057 ERROR 28/10/2017 14:16:43, TimecodeToTimespan, line 337:>  
2017-10-28 14:16:43.1057 ERROR 28/10/2017 14:16:43, ProcessProToolsFile, line 247:>  Found start at index 29, whole line: 12  	01:08:25:26  	2406|1            	Ticks    	[s]8. (Don't) fear the silence   	, splitted at 4: [s]8. (Don't) fear the silence   , start time: 01:08:25.8660000
2017-10-28 14:16:43.1057 ERROR 28/10/2017 14:16:43, ProcessProToolsFile, line 266:>  End stringfound, use it, index 30
2017-10-28 14:16:43.1057 ERROR 28/10/2017 14:16:43, TimecodeToTimespan, line 337:>  
2017-10-28 14:16:43.1057 ERROR 28/10/2017 14:16:43, ProcessProToolsFile, line 275:>  EndTime 01:13:11.7000000, tolta time: 01:16:16.3840000
2017-10-28 14:16:43.1057 ERROR 28/10/2017 14:16:43, ProcessProToolsFile, line 277:>  final endTime 00:03:04.6840000
2017-10-28 14:16:43.1232 ERROR 28/10/2017 14:16:43, ProcessProToolsFile, line 287:>  Song name: 8. (Don't) fear the silence   
2017-10-28 14:16:43.1232 ERROR 28/10/2017 14:16:43, Process, line 186:----------->  Processing 4. Mindcaptives               , start: 00:00:00, end: 01:04:36.0510000
2017-10-28 14:16:43.1232 ERROR 28/10/2017 14:16:43, Process, line 191:----------->  Song name without invalid characters: System.Linq.Enumerable+WhereEnumerableIterator`1[System.Char]
2017-10-28 14:16:43.1367 ERROR 28/10/2017 14:16:43, Process, line 195:----------->  destinationFileName: 4.Mindcaptives
2017-10-28 14:17:13.5642 ERROR 28/10/2017 14:17:13, Process, line 186:----------->  Processing 10. Ghost of yesterday        , start: 00:12:19.6330000, end: 00:58:49.1180000
2017-10-28 14:17:13.5642 ERROR 28/10/2017 14:17:13, Process, line 191:----------->  Song name without invalid characters: System.Linq.Enumerable+WhereEnumerableIterator`1[System.Char]
2017-10-28 14:17:13.5642 ERROR 28/10/2017 14:17:13, Process, line 195:----------->  destinationFileName: 10.Ghostofyesterday
2017-10-28 14:17:30.1702 ERROR 28/10/2017 14:17:30, Process, line 186:----------->  Processing 12. Together                  , start: 00:17:27.2660000, end: 00:49:58.1180000
2017-10-28 14:17:30.1702 ERROR 28/10/2017 14:17:30, Process, line 191:----------->  Song name without invalid characters: System.Linq.Enumerable+WhereEnumerableIterator`1[System.Char]
2017-10-28 14:17:30.1702 ERROR 28/10/2017 14:17:30, Process, line 195:----------->  destinationFileName: 12.Together
2017-10-28 14:17:55.5422 ERROR 28/10/2017 14:17:55, Process, line 186:----------->  Processing 5. The seer                   , start: 00:26:18.2660000, end: 00:45:06.8510000
2017-10-28 14:17:55.5422 ERROR 28/10/2017 14:17:55, Process, line 191:----------->  Song name without invalid characters: System.Linq.Enumerable+WhereEnumerableIterator`1[System.Char]
2017-10-28 14:17:55.5422 ERROR 28/10/2017 14:17:55, Process, line 195:----------->  destinationFileName: 5.Theseer
2017-10-28 14:18:08.5616 ERROR 28/10/2017 14:18:08, Process, line 186:----------->  Processing 2. Run like the wind          , start: 00:31:21.5330000, end: 00:41:11.3180000
2017-10-28 14:18:08.5616 ERROR 28/10/2017 14:18:08, Process, line 191:----------->  Song name without invalid characters: System.Linq.Enumerable+WhereEnumerableIterator`1[System.Char]
2017-10-28 14:18:08.5616 ERROR 28/10/2017 14:18:08, Process, line 195:----------->  destinationFileName: 2.Runlikethewind
2017-10-28 14:18:18.1593 ERROR 28/10/2017 14:18:18, Process, line 186:----------->  Processing 6. Dark cold day              , start: 00:36:56.1000000, end: 00:33:42.4180000
2017-10-28 14:18:18.1593 ERROR 28/10/2017 14:18:18, Process, line 191:----------->  Song name without invalid characters: System.Linq.Enumerable+WhereEnumerableIterator`1[System.Char]
2017-10-28 14:18:18.1593 ERROR 28/10/2017 14:18:18, Process, line 195:----------->  destinationFileName: 6.Darkcoldday
2017-10-28 14:18:33.4395 ERROR 28/10/2017 14:18:33, Process, line 186:----------->  Processing 7. Remorse                    , start: 00:42:41.3330000, end: 00:28:41.7180000
2017-10-28 14:18:33.4395 ERROR 28/10/2017 14:18:33, Process, line 191:----------->  Song name without invalid characters: System.Linq.Enumerable+WhereEnumerableIterator`1[System.Char]
2017-10-28 14:18:33.4395 ERROR 28/10/2017 14:18:33, Process, line 195:----------->  destinationFileName: 7.Remorse
2017-10-28 14:18:46.4947 ERROR 28/10/2017 14:18:46, Process, line 186:----------->  Processing 11. Scream                    , start: 00:47:42.0330000, end: 00:23:39.2840000
2017-10-28 14:18:46.4972 ERROR 28/10/2017 14:18:46, Process, line 191:----------->  Song name without invalid characters: System.Linq.Enumerable+WhereEnumerableIterator`1[System.Char]
2017-10-28 14:18:46.4972 ERROR 28/10/2017 14:18:46, Process, line 195:----------->  destinationFileName: 11.Scream
2017-10-28 14:18:59.2428 ERROR 28/10/2017 14:18:59, Process, line 186:----------->  Processing 1. Vengeance                  , start: 00:52:58.2660000, end: 00:19:21.5510000
2017-10-28 14:18:59.2458 ERROR 28/10/2017 14:18:59, Process, line 191:----------->  Song name without invalid characters: System.Linq.Enumerable+WhereEnumerableIterator`1[System.Char]
2017-10-28 14:18:59.2458 ERROR 28/10/2017 14:18:59, Process, line 195:----------->  destinationFileName: 1.Vengeance
2017-10-28 14:19:08.9671 ERROR 28/10/2017 14:19:08, Process, line 186:----------->  Processing 9. Digital tower              , start: 00:56:54.8330000, end: 00:10:57.5510000
2017-10-28 14:19:08.9671 ERROR 28/10/2017 14:19:08, Process, line 191:----------->  Song name without invalid characters: System.Linq.Enumerable+WhereEnumerableIterator`1[System.Char]
2017-10-28 14:19:08.9671 ERROR 28/10/2017 14:19:08, Process, line 195:----------->  destinationFileName: 9.Digitaltower
2017-10-28 14:19:34.2320 ERROR 28/10/2017 14:19:34, Process, line 186:----------->  Processing 3. Hall of Heroes             , start: 01:05:18.8330000, end: 00:07:50.5180000
2017-10-28 14:19:34.2320 ERROR 28/10/2017 14:19:34, Process, line 191:----------->  Song name without invalid characters: System.Linq.Enumerable+WhereEnumerableIterator`1[System.Char]
2017-10-28 14:19:34.2320 ERROR 28/10/2017 14:19:34, Process, line 195:----------->  destinationFileName: 3.HallofHeroes
2017-10-28 14:19:43.1697 ERROR 28/10/2017 14:19:43, Process, line 186:----------->  Processing 8. (Don't) fear the silence   , start: 01:08:25.8660000, end: 00:03:04.6840000
2017-10-28 14:19:43.1697 ERROR 28/10/2017 14:19:43, Process, line 191:----------->  Song name without invalid characters: System.Linq.Enumerable+WhereEnumerableIterator`1[System.Char]
2017-10-28 14:19:43.1697 ERROR 28/10/2017 14:19:43, Process, line 195:----------->  destinationFileName: 8.(Don't)fearthesilence
2017-10-28 14:19:55.6678 ERROR 28/10/2017 14:19:55, Process, line 202:----------->  Processing completed, time in seconds: 192.7652862s
